[2014-04-11 19:46:41] gemset_import_list
gemset_import_list () 
{ 
    typeset line;
    for line in "$@";
    do
        gem_install $line || rvm_error "there was an error installing gem $line";
    done
}
current path: /Users/davidacevedo
GEM_HOME=/Users/davidacevedo/.rvm/gems/jruby-1.7.11@global
PATH=/Users/davidacevedo/.rvm/gems/jruby-1.7.11@global/bin:/Users/davidacevedo/.rvm/rubies/jruby-1.7.11/bin:/Users/davidacevedo/.rvm/bin:/usr/local/bin:/usr/local/heroku/bin:/usr/local/bin:/usr/local/heroku/bin:/usr/bin:/bin:/usr/sbin:/sbin:/usr/local/bin:/opt/X11/bin
GEM_PATH=/Users/davidacevedo/.rvm/gems/jruby-1.7.11@global
command(8): gemset_import_list jruby-openssl jruby-launcher gem-wrappers rubygems-bundler bundler rake rvm
+ typeset line
+ for line in '"$@"'
+ gem_install jruby-openssl
+ typeset gem_name gem_version version_check
+ gem_version=
+ __rvm_parse_gems_args jruby-openssl
+ typeset gem=jruby-openssl
+ __rvm_string_match jruby-openssl '*.gem$'
+ typeset _string
+ _string=jruby-openssl
+ shift
+ ((  1  ))
+ case "${_string}" in
+ shift
+ ((  0  ))
+ return 1
+ gem_name=jruby-openssl
+ case "$gem" in
+ [[ -z '' ]]
+ __rvm_db gem_jruby-openssl_version gem_version
+ typeset value key variable
+ key=gem_jruby-openssl_version
+ key=gem_jruby-openssl_version
+ variable=gem_version
+ [[ -f /Users/davidacevedo/.rvm/user/db ]]
++ __rvm_db_ /Users/davidacevedo/.rvm/user/db gem_jruby-openssl_version
++ typeset __db __key __value
++ __db=/Users/davidacevedo/.rvm/user/db
++ __key=gem_jruby-openssl_version
++ shift 2
++ __value=
++ case "${__value}" in
++ __rvm_db_get /Users/davidacevedo/.rvm/user/db gem_jruby-openssl_version
++ [[ -f /Users/davidacevedo/.rvm/user/db ]]
++ __rvm_grep '^gem_jruby-openssl_version=' /Users/davidacevedo/.rvm/user/db
++ GREP_OPTIONS=
++ grep '^gem_jruby-openssl_version=' /Users/davidacevedo/.rvm/user/db
++ __rvm_sed -e 's#^gem_jruby-openssl_version=##' -e '/^$/d'
++ sed -e 's#^gem_jruby-openssl_version=##' -e '/^$/d'
++ return 1
+ value=
+ [[ -z '' ]]
+ [[ -f /Users/davidacevedo/.rvm/config/db ]]
++ __rvm_db_ /Users/davidacevedo/.rvm/config/db gem_jruby-openssl_version
++ typeset __db __key __value
++ __db=/Users/davidacevedo/.rvm/config/db
++ __key=gem_jruby-openssl_version
++ shift 2
++ __value=
++ case "${__value}" in
++ __rvm_db_get /Users/davidacevedo/.rvm/config/db gem_jruby-openssl_version
++ [[ -f /Users/davidacevedo/.rvm/config/db ]]
++ __rvm_grep '^gem_jruby-openssl_version=' /Users/davidacevedo/.rvm/config/db
++ GREP_OPTIONS=
++ grep '^gem_jruby-openssl_version=' /Users/davidacevedo/.rvm/config/db
++ __rvm_sed -e 's#^gem_jruby-openssl_version=##' -e '/^$/d'
++ sed -e 's#^gem_jruby-openssl_version=##' -e '/^$/d'
++ return 1
+ value=
+ [[ -n '' ]]
+ return 1
+ ((  0 == 0  ))
+ is_gem_installed
+ typeset gem_spec
+ gem_spec='gem '\''jruby-openssl'\'''
+ [[ -n '' ]]
+ version_check='*([[:digit:]\.])'
+ ls -ld '/Users/davidacevedo/.rvm/gems/jruby-1.7.11@global/gems/jruby-openssl-*([[:digit:]\.])'
+ /Users/davidacevedo/.rvm/rubies/jruby-1.7.11/bin/ruby -rrubygems -e 'gem '\''jruby-openssl'\'''
+ rvm_log 'gem jruby-openssl  is already installed'
+ rvm_pretty_print stdout
+ case "${rvm_pretty_print_flag:=auto}" in
+ case "${TERM:-dumb}" in
+ case "$1" in
+ [[ -t 1 ]]
+ return 1
+ printf %b 'gem jruby-openssl  is already installed\n'
gem jruby-openssl  is already installed
+ return 0
+ for line in '"$@"'
+ gem_install jruby-launcher
+ typeset gem_name gem_version version_check
+ gem_version=
+ __rvm_parse_gems_args jruby-launcher
+ typeset gem=jruby-launcher
+ __rvm_string_match jruby-launcher '*.gem$'
+ typeset _string
+ _string=jruby-launcher
+ shift
+ ((  1  ))
+ case "${_string}" in
+ shift
+ ((  0  ))
+ return 1
+ gem_name=jruby-launcher
+ case "$gem" in
+ [[ -z '' ]]
+ __rvm_db gem_jruby-launcher_version gem_version
+ typeset value key variable
+ key=gem_jruby-launcher_version
+ key=gem_jruby-launcher_version
+ variable=gem_version
+ [[ -f /Users/davidacevedo/.rvm/user/db ]]
++ __rvm_db_ /Users/davidacevedo/.rvm/user/db gem_jruby-launcher_version
++ typeset __db __key __value
++ __db=/Users/davidacevedo/.rvm/user/db
++ __key=gem_jruby-launcher_version
++ shift 2
++ __value=
++ case "${__value}" in
++ __rvm_db_get /Users/davidacevedo/.rvm/user/db gem_jruby-launcher_version
++ [[ -f /Users/davidacevedo/.rvm/user/db ]]
++ __rvm_grep '^gem_jruby-launcher_version=' /Users/davidacevedo/.rvm/user/db
++ GREP_OPTIONS=
++ grep '^gem_jruby-launcher_version=' /Users/davidacevedo/.rvm/user/db
++ __rvm_sed -e 's#^gem_jruby-launcher_version=##' -e '/^$/d'
++ sed -e 's#^gem_jruby-launcher_version=##' -e '/^$/d'
++ return 1
+ value=
+ [[ -z '' ]]
+ [[ -f /Users/davidacevedo/.rvm/config/db ]]
++ __rvm_db_ /Users/davidacevedo/.rvm/config/db gem_jruby-launcher_version
++ typeset __db __key __value
++ __db=/Users/davidacevedo/.rvm/config/db
++ __key=gem_jruby-launcher_version
++ shift 2
++ __value=
++ case "${__value}" in
++ __rvm_db_get /Users/davidacevedo/.rvm/config/db gem_jruby-launcher_version
++ [[ -f /Users/davidacevedo/.rvm/config/db ]]
++ __rvm_grep '^gem_jruby-launcher_version=' /Users/davidacevedo/.rvm/config/db
++ GREP_OPTIONS=
++ grep '^gem_jruby-launcher_version=' /Users/davidacevedo/.rvm/config/db
++ __rvm_sed -e 's#^gem_jruby-launcher_version=##' -e '/^$/d'
++ sed -e 's#^gem_jruby-launcher_version=##' -e '/^$/d'
++ return 1
+ value=
+ [[ -n '' ]]
+ return 1
+ ((  0 == 0  ))
+ is_gem_installed
+ typeset gem_spec
+ gem_spec='gem '\''jruby-launcher'\'''
+ [[ -n '' ]]
+ version_check='*([[:digit:]\.])'
+ ls -ld '/Users/davidacevedo/.rvm/gems/jruby-1.7.11@global/gems/jruby-launcher-*([[:digit:]\.])'
+ /Users/davidacevedo/.rvm/rubies/jruby-1.7.11/bin/ruby -rrubygems -e 'gem '\''jruby-launcher'\'''
+ return 1
+ gem_install_force
+ typeset __available_gem
+ typeset -a install_params
+ install_params=()
++ ls -v1 '/Users/davidacevedo/.rvm/gem-cache/jruby-launcher-*([[:digit:]\.]).gem'
++ tail -n 1
+ __available_gem=
+ [[ -n '' ]]
+ [[ -n '' ]]
+ install_params+=(--no-ri --no-rdoc $rvm_gem_options)
+ __rvm_log_command gem.install.jruby-launcher 'installing gem jruby-launcher --no-ri --no-rdoc' gem install jruby-launcher --no-ri --no-rdoc
+ typeset name message _command_start _command_name
+ typeset -a _command
+ name=gem.install.jruby-launcher
+ message='installing gem jruby-launcher --no-ri --no-rdoc'
+ shift 2
+ _command=("$@")
+ _command_start=gem
+ ((  5  ))
+ [[ gem =~ = ]]
+ _command_name=gem
+ [[ ! gem =~ = ]]
+ __function_on_stack __rvm_log_command_internal
+ __rvm_string_includes '__function_on_stack __rvm_log_command gem_install_force gem_install gemset_import_list __rvm_log_dotted __rvm_log_command_internal __rvm_log_command gemset_import gemset_initial __rvm_with gemset_create __rvm_initial_gemsets_create_without_rubygems __rvm_initial_gemsets_create external_import_setup external_import main' __rvm_log_command_internal
+ typeset __search '__text=__function_on_stack __rvm_log_command gem_install_force gem_install gemset_import_list __rvm_log_dotted __rvm_log_command_internal __rvm_log_command gemset_import gemset_initial __rvm_with gemset_create __rvm_initial_gemsets_create_without_rubygems __rvm_initial_gemsets_create external_import_setup external_import main'
+ shift
+ for __search in '"$@"'
+ [[  __function_on_stack __rvm_log_command gem_install_force gem_install gemset_import_list __rvm_log_dotted __rvm_log_command_internal __rvm_log_command gemset_import gemset_initial __rvm_with gemset_create __rvm_initial_gemsets_create_without_rubygems __rvm_initial_gemsets_create external_import_setup external_import main  =~  __rvm_log_command_internal  ]]
+ return 0
+ __rvm_log_command_simple gem install jruby-launcher --no-ri --no-rdoc
+ __rvm_log_command_debug
++ __rvm_date '+%Y-%m-%d %H:%M:%S'
++ date '+%Y-%m-%d %H:%M:%S'
+ printf %b '[2014-04-11 19:46:52] gem\n'
[2014-04-11 19:46:52] gem
+ is_a_function gem
+ typeset -f gem
+ return 1
+ printf %b 'current path: /Users/davidacevedo\n'
current path: /Users/davidacevedo
+ env
+ grep -E '^GEM_HOME=|^GEM_PATH=|^PATH='
GEM_HOME=/Users/davidacevedo/.rvm/gems/jruby-1.7.11@global
PATH=/Users/davidacevedo/.rvm/gems/jruby-1.7.11@global/bin:/Users/davidacevedo/.rvm/rubies/jruby-1.7.11/bin:/Users/davidacevedo/.rvm/bin:/usr/local/bin:/usr/local/heroku/bin:/usr/local/bin:/usr/local/heroku/bin:/usr/bin:/bin:/usr/sbin:/sbin:/usr/local/bin:/opt/X11/bin
GEM_PATH=/Users/davidacevedo/.rvm/gems/jruby-1.7.11@global
+ printf %b 'command(5): gem install jruby-launcher --no-ri --no-rdoc\n'
command(5): gem install jruby-launcher --no-ri --no-rdoc
+ rvm_log 'installing gem jruby-launcher --no-ri --no-rdoc'
+ rvm_pretty_print stdout
+ case "${rvm_pretty_print_flag:=auto}" in
+ case "${TERM:-dumb}" in
+ case "$1" in
+ [[ -t 1 ]]
+ return 1
+ printf %b 'installing gem jruby-launcher --no-ri --no-rdoc\n'
installing gem jruby-launcher --no-ri --no-rdoc
+ gem install jruby-launcher --no-ri --no-rdoc
ERROR:  While executing gem ... (ArgumentError)
    marshal data too short
+ return 1
+ return 1
+ return 1
+ return 1
+ rvm_error 'there was an error installing gem jruby-launcher'
+ rvm_pretty_print stderr
+ case "${rvm_pretty_print_flag:=auto}" in
+ case "${TERM:-dumb}" in
+ case "$1" in
+ [[ -t 2 ]]
+ return 1
+ printf %b 'there was an error installing gem jruby-launcher\n'
there was an error installing gem jruby-launcher
+ for line in '"$@"'
+ gem_install gem-wrappers
+ typeset gem_name gem_version version_check
+ gem_version=
+ __rvm_parse_gems_args gem-wrappers
+ typeset gem=gem-wrappers
+ __rvm_string_match gem-wrappers '*.gem$'
+ typeset _string
+ _string=gem-wrappers
+ shift
+ ((  1  ))
+ case "${_string}" in
+ shift
+ ((  0  ))
+ return 1
+ gem_name=gem-wrappers
+ case "$gem" in
+ [[ -z '' ]]
+ __rvm_db gem_gem-wrappers_version gem_version
+ typeset value key variable
+ key=gem_gem-wrappers_version
+ key=gem_gem-wrappers_version
+ variable=gem_version
+ [[ -f /Users/davidacevedo/.rvm/user/db ]]
++ __rvm_db_ /Users/davidacevedo/.rvm/user/db gem_gem-wrappers_version
++ typeset __db __key __value
++ __db=/Users/davidacevedo/.rvm/user/db
++ __key=gem_gem-wrappers_version
++ shift 2
++ __value=
++ case "${__value}" in
++ __rvm_db_get /Users/davidacevedo/.rvm/user/db gem_gem-wrappers_version
++ [[ -f /Users/davidacevedo/.rvm/user/db ]]
++ __rvm_grep '^gem_gem-wrappers_version=' /Users/davidacevedo/.rvm/user/db
++ __rvm_sed -e 's#^gem_gem-wrappers_version=##' -e '/^$/d'
++ GREP_OPTIONS=
++ grep '^gem_gem-wrappers_version=' /Users/davidacevedo/.rvm/user/db
++ sed -e 's#^gem_gem-wrappers_version=##' -e '/^$/d'
++ return 1
+ value=
+ [[ -z '' ]]
+ [[ -f /Users/davidacevedo/.rvm/config/db ]]
++ __rvm_db_ /Users/davidacevedo/.rvm/config/db gem_gem-wrappers_version
++ typeset __db __key __value
++ __db=/Users/davidacevedo/.rvm/config/db
++ __key=gem_gem-wrappers_version
++ shift 2
++ __value=
++ case "${__value}" in
++ __rvm_db_get /Users/davidacevedo/.rvm/config/db gem_gem-wrappers_version
++ [[ -f /Users/davidacevedo/.rvm/config/db ]]
++ __rvm_grep '^gem_gem-wrappers_version=' /Users/davidacevedo/.rvm/config/db
++ __rvm_sed -e 's#^gem_gem-wrappers_version=##' -e '/^$/d'
++ GREP_OPTIONS=
++ grep '^gem_gem-wrappers_version=' /Users/davidacevedo/.rvm/config/db
++ sed -e 's#^gem_gem-wrappers_version=##' -e '/^$/d'
+ value='>=1.2.4'
+ [[ -n >=1.2.4 ]]
+ [[ -n gem_version ]]
+ eval 'gem_version='\''>=1.2.4'\'''
++ gem_version='>=1.2.4'
+ true
+ ((  0 == 0  ))
+ is_gem_installed
+ typeset gem_spec
+ gem_spec='gem '\''gem-wrappers'\'''
+ [[ -n >=1.2.4 ]]
+ gem_spec+=', '\''>=1.2.4'\'''
+ version_check=1.2.4
+ ls -ld /Users/davidacevedo/.rvm/gems/jruby-1.7.11@global/gems/gem-wrappers-1.2.4
+ /Users/davidacevedo/.rvm/rubies/jruby-1.7.11/bin/ruby -rrubygems -e 'gem '\''gem-wrappers'\'', '\''>=1.2.4'\'''
+ return 1
+ gem_install_force
+ typeset __available_gem
+ typeset -a install_params
+ install_params=()
++ ls -v1 /Users/davidacevedo/.rvm/gem-cache/gem-wrappers-1.2.4.gem
++ tail -n 1
+ __available_gem=/Users/davidacevedo/.rvm/gem-cache/gem-wrappers-1.2.4.gem
+ [[ -n /Users/davidacevedo/.rvm/gem-cache/gem-wrappers-1.2.4.gem ]]
+ install_params+=(--local)
+ install_params+=(--no-ri --no-rdoc $rvm_gem_options)
+ __rvm_log_command 'gem.install.gem-wrappers->=1.2.4' 'installing gem /Users/davidacevedo/.rvm/gem-cache/gem-wrappers-1.2.4.gem --local --no-ri --no-rdoc' gem install /Users/davidacevedo/.rvm/gem-cache/gem-wrappers-1.2.4.gem --local --no-ri --no-rdoc
+ typeset name message _command_start _command_name
+ typeset -a _command
+ name='gem.install.gem-wrappers->=1.2.4'
+ message='installing gem /Users/davidacevedo/.rvm/gem-cache/gem-wrappers-1.2.4.gem --local --no-ri --no-rdoc'
+ shift 2
+ _command=("$@")
+ _command_start=gem
+ ((  6  ))
+ [[ gem =~ = ]]
+ _command_name=gem
+ [[ ! gem =~ = ]]
+ __function_on_stack __rvm_log_command_internal
+ __rvm_string_includes '__function_on_stack __rvm_log_command gem_install_force gem_install gemset_import_list __rvm_log_dotted __rvm_log_command_internal __rvm_log_command gemset_import gemset_initial __rvm_with gemset_create __rvm_initial_gemsets_create_without_rubygems __rvm_initial_gemsets_create external_import_setup external_import main' __rvm_log_command_internal
+ typeset __search '__text=__function_on_stack __rvm_log_command gem_install_force gem_install gemset_import_list __rvm_log_dotted __rvm_log_command_internal __rvm_log_command gemset_import gemset_initial __rvm_with gemset_create __rvm_initial_gemsets_create_without_rubygems __rvm_initial_gemsets_create external_import_setup external_import main'
+ shift
+ for __search in '"$@"'
+ [[  __function_on_stack __rvm_log_command gem_install_force gem_install gemset_import_list __rvm_log_dotted __rvm_log_command_internal __rvm_log_command gemset_import gemset_initial __rvm_with gemset_create __rvm_initial_gemsets_create_without_rubygems __rvm_initial_gemsets_create external_import_setup external_import main  =~  __rvm_log_command_internal  ]]
+ return 0
+ __rvm_log_command_simple gem install /Users/davidacevedo/.rvm/gem-cache/gem-wrappers-1.2.4.gem --local --no-ri --no-rdoc
+ __rvm_log_command_debug
++ __rvm_date '+%Y-%m-%d %H:%M:%S'
++ date '+%Y-%m-%d %H:%M:%S'
+ printf %b '[2014-04-11 19:48:08] gem\n'
[2014-04-11 19:48:08] gem
+ is_a_function gem
+ typeset -f gem
+ return 1
+ printf %b 'current path: /Users/davidacevedo\n'
current path: /Users/davidacevedo
+ env
+ grep -E '^GEM_HOME=|^GEM_PATH=|^PATH='
GEM_HOME=/Users/davidacevedo/.rvm/gems/jruby-1.7.11@global
PATH=/Users/davidacevedo/.rvm/gems/jruby-1.7.11@global/bin:/Users/davidacevedo/.rvm/rubies/jruby-1.7.11/bin:/Users/davidacevedo/.rvm/bin:/usr/local/bin:/usr/local/heroku/bin:/usr/local/bin:/usr/local/heroku/bin:/usr/bin:/bin:/usr/sbin:/sbin:/usr/local/bin:/opt/X11/bin
GEM_PATH=/Users/davidacevedo/.rvm/gems/jruby-1.7.11@global
+ printf %b 'command(6): gem install /Users/davidacevedo/.rvm/gem-cache/gem-wrappers-1.2.4.gem --local --no-ri --no-rdoc\n'
command(6): gem install /Users/davidacevedo/.rvm/gem-cache/gem-wrappers-1.2.4.gem --local --no-ri --no-rdoc
+ rvm_log 'installing gem /Users/davidacevedo/.rvm/gem-cache/gem-wrappers-1.2.4.gem --local --no-ri --no-rdoc'
+ rvm_pretty_print stdout
+ case "${rvm_pretty_print_flag:=auto}" in
+ case "${TERM:-dumb}" in
+ case "$1" in
+ [[ -t 1 ]]
+ return 1
+ printf %b 'installing gem /Users/davidacevedo/.rvm/gem-cache/gem-wrappers-1.2.4.gem --local --no-ri --no-rdoc\n'
installing gem /Users/davidacevedo/.rvm/gem-cache/gem-wrappers-1.2.4.gem --local --no-ri --no-rdoc
+ gem install /Users/davidacevedo/.rvm/gem-cache/gem-wrappers-1.2.4.gem --local --no-ri --no-rdoc
Building native extensions.  This could take a while...
/Users/davidacevedo/.rvm/rubies/jruby-1.7.11/lib/ruby/shared/rubygems/ext/ext_conf_builder.rb:45 warning: Tempfile#unlink or delete called on open file; ignoring
Successfully installed gem-wrappers-1.2.4
1 gem installed
+ true
+ for line in '"$@"'
+ gem_install rubygems-bundler
+ typeset gem_name gem_version version_check
+ gem_version=
+ __rvm_parse_gems_args rubygems-bundler
+ typeset gem=rubygems-bundler
+ __rvm_string_match rubygems-bundler '*.gem$'
+ typeset _string
+ _string=rubygems-bundler
+ shift
+ ((  1  ))
+ case "${_string}" in
+ shift
+ ((  0  ))
+ return 1
+ gem_name=rubygems-bundler
+ case "$gem" in
+ [[ -z '' ]]
+ __rvm_db gem_rubygems-bundler_version gem_version
+ typeset value key variable
+ key=gem_rubygems-bundler_version
+ key=gem_rubygems-bundler_version
+ variable=gem_version
+ [[ -f /Users/davidacevedo/.rvm/user/db ]]
++ __rvm_db_ /Users/davidacevedo/.rvm/user/db gem_rubygems-bundler_version
++ typeset __db __key __value
++ __db=/Users/davidacevedo/.rvm/user/db
++ __key=gem_rubygems-bundler_version
++ shift 2
++ __value=
++ case "${__value}" in
++ __rvm_db_get /Users/davidacevedo/.rvm/user/db gem_rubygems-bundler_version
++ [[ -f /Users/davidacevedo/.rvm/user/db ]]
++ __rvm_grep '^gem_rubygems-bundler_version=' /Users/davidacevedo/.rvm/user/db
++ __rvm_sed -e 's#^gem_rubygems-bundler_version=##' -e '/^$/d'
++ GREP_OPTIONS=
++ grep '^gem_rubygems-bundler_version=' /Users/davidacevedo/.rvm/user/db
++ sed -e 's#^gem_rubygems-bundler_version=##' -e '/^$/d'
++ return 1
+ value=
+ [[ -z '' ]]
+ [[ -f /Users/davidacevedo/.rvm/config/db ]]
++ __rvm_db_ /Users/davidacevedo/.rvm/config/db gem_rubygems-bundler_version
++ typeset __db __key __value
++ __db=/Users/davidacevedo/.rvm/config/db
++ __key=gem_rubygems-bundler_version
++ shift 2
++ __value=
++ case "${__value}" in
++ __rvm_db_get /Users/davidacevedo/.rvm/config/db gem_rubygems-bundler_version
++ [[ -f /Users/davidacevedo/.rvm/config/db ]]
++ __rvm_grep '^gem_rubygems-bundler_version=' /Users/davidacevedo/.rvm/config/db
++ __rvm_sed -e 's#^gem_rubygems-bundler_version=##' -e '/^$/d'
++ GREP_OPTIONS=
++ grep '^gem_rubygems-bundler_version=' /Users/davidacevedo/.rvm/config/db
++ sed -e 's#^gem_rubygems-bundler_version=##' -e '/^$/d'
++ return 1
+ value=
+ [[ -n '' ]]
+ return 1
+ ((  0 == 0  ))
+ is_gem_installed
+ typeset gem_spec
+ gem_spec='gem '\''rubygems-bundler'\'''
+ [[ -n '' ]]
+ version_check='*([[:digit:]\.])'
+ ls -ld '/Users/davidacevedo/.rvm/gems/jruby-1.7.11@global/gems/rubygems-bundler-*([[:digit:]\.])'
+ /Users/davidacevedo/.rvm/rubies/jruby-1.7.11/bin/ruby -rrubygems -e 'gem '\''rubygems-bundler'\'''
+ return 1
+ gem_install_force
+ typeset __available_gem
+ typeset -a install_params
+ install_params=()
++ ls -v1 '/Users/davidacevedo/.rvm/gem-cache/rubygems-bundler-*([[:digit:]\.]).gem'
++ tail -n 1
+ __available_gem=
+ [[ -n '' ]]
+ [[ -n '' ]]
+ install_params+=(--no-ri --no-rdoc $rvm_gem_options)
+ __rvm_log_command gem.install.rubygems-bundler 'installing gem rubygems-bundler --no-ri --no-rdoc' gem install rubygems-bundler --no-ri --no-rdoc
+ typeset name message _command_start _command_name
+ typeset -a _command
+ name=gem.install.rubygems-bundler
+ message='installing gem rubygems-bundler --no-ri --no-rdoc'
+ shift 2
+ _command=("$@")
+ _command_start=gem
+ ((  5  ))
+ [[ gem =~ = ]]
+ _command_name=gem
+ [[ ! gem =~ = ]]
+ __function_on_stack __rvm_log_command_internal
+ __rvm_string_includes '__function_on_stack __rvm_log_command gem_install_force gem_install gemset_import_list __rvm_log_dotted __rvm_log_command_internal __rvm_log_command gemset_import gemset_initial __rvm_with gemset_create __rvm_initial_gemsets_create_without_rubygems __rvm_initial_gemsets_create external_import_setup external_import main' __rvm_log_command_internal
+ typeset __search '__text=__function_on_stack __rvm_log_command gem_install_force gem_install gemset_import_list __rvm_log_dotted __rvm_log_command_internal __rvm_log_command gemset_import gemset_initial __rvm_with gemset_create __rvm_initial_gemsets_create_without_rubygems __rvm_initial_gemsets_create external_import_setup external_import main'
+ shift
+ for __search in '"$@"'
+ [[  __function_on_stack __rvm_log_command gem_install_force gem_install gemset_import_list __rvm_log_dotted __rvm_log_command_internal __rvm_log_command gemset_import gemset_initial __rvm_with gemset_create __rvm_initial_gemsets_create_without_rubygems __rvm_initial_gemsets_create external_import_setup external_import main  =~  __rvm_log_command_internal  ]]
+ return 0
+ __rvm_log_command_simple gem install rubygems-bundler --no-ri --no-rdoc
+ __rvm_log_command_debug
++ __rvm_date '+%Y-%m-%d %H:%M:%S'
++ date '+%Y-%m-%d %H:%M:%S'
+ printf %b '[2014-04-11 19:48:33] gem\n'
[2014-04-11 19:48:33] gem
+ is_a_function gem
+ typeset -f gem
+ return 1
+ printf %b 'current path: /Users/davidacevedo\n'
current path: /Users/davidacevedo
+ env
+ grep -E '^GEM_HOME=|^GEM_PATH=|^PATH='
GEM_HOME=/Users/davidacevedo/.rvm/gems/jruby-1.7.11@global
PATH=/Users/davidacevedo/.rvm/gems/jruby-1.7.11@global/bin:/Users/davidacevedo/.rvm/rubies/jruby-1.7.11/bin:/Users/davidacevedo/.rvm/bin:/usr/local/bin:/usr/local/heroku/bin:/usr/local/bin:/usr/local/heroku/bin:/usr/bin:/bin:/usr/sbin:/sbin:/usr/local/bin:/opt/X11/bin
GEM_PATH=/Users/davidacevedo/.rvm/gems/jruby-1.7.11@global
+ printf %b 'command(5): gem install rubygems-bundler --no-ri --no-rdoc\n'
command(5): gem install rubygems-bundler --no-ri --no-rdoc
+ rvm_log 'installing gem rubygems-bundler --no-ri --no-rdoc'
+ rvm_pretty_print stdout
+ case "${rvm_pretty_print_flag:=auto}" in
+ case "${TERM:-dumb}" in
+ case "$1" in
+ [[ -t 1 ]]
+ return 1
+ printf %b 'installing gem rubygems-bundler --no-ri --no-rdoc\n'
installing gem rubygems-bundler --no-ri --no-rdoc
+ gem install rubygems-bundler --no-ri --no-rdoc
ERROR:  While executing gem ... (ArgumentError)
    marshal data too short
+ return 1
+ return 1
+ return 1
+ return 1
+ rvm_error 'there was an error installing gem rubygems-bundler'
+ rvm_pretty_print stderr
+ case "${rvm_pretty_print_flag:=auto}" in
+ case "${TERM:-dumb}" in
+ case "$1" in
+ [[ -t 2 ]]
+ return 1
+ printf %b 'there was an error installing gem rubygems-bundler\n'
there was an error installing gem rubygems-bundler
+ for line in '"$@"'
+ gem_install bundler
+ typeset gem_name gem_version version_check
+ gem_version=
+ __rvm_parse_gems_args bundler
+ typeset gem=bundler
+ __rvm_string_match bundler '*.gem$'
+ typeset _string
+ _string=bundler
+ shift
+ ((  1  ))
+ case "${_string}" in
+ shift
+ ((  0  ))
+ return 1
+ gem_name=bundler
+ case "$gem" in
+ [[ -z '' ]]
+ __rvm_db gem_bundler_version gem_version
+ typeset value key variable
+ key=gem_bundler_version
+ key=gem_bundler_version
+ variable=gem_version
+ [[ -f /Users/davidacevedo/.rvm/user/db ]]
++ __rvm_db_ /Users/davidacevedo/.rvm/user/db gem_bundler_version
++ typeset __db __key __value
++ __db=/Users/davidacevedo/.rvm/user/db
++ __key=gem_bundler_version
++ shift 2
++ __value=
++ case "${__value}" in
++ __rvm_db_get /Users/davidacevedo/.rvm/user/db gem_bundler_version
++ [[ -f /Users/davidacevedo/.rvm/user/db ]]
++ __rvm_grep '^gem_bundler_version=' /Users/davidacevedo/.rvm/user/db
++ __rvm_sed -e 's#^gem_bundler_version=##' -e '/^$/d'
++ GREP_OPTIONS=
++ grep '^gem_bundler_version=' /Users/davidacevedo/.rvm/user/db
++ sed -e 's#^gem_bundler_version=##' -e '/^$/d'
++ return 1
+ value=
+ [[ -z '' ]]
+ [[ -f /Users/davidacevedo/.rvm/config/db ]]
++ __rvm_db_ /Users/davidacevedo/.rvm/config/db gem_bundler_version
++ typeset __db __key __value
++ __db=/Users/davidacevedo/.rvm/config/db
++ __key=gem_bundler_version
++ shift 2
++ __value=
++ case "${__value}" in
++ __rvm_db_get /Users/davidacevedo/.rvm/config/db gem_bundler_version
++ [[ -f /Users/davidacevedo/.rvm/config/db ]]
++ __rvm_grep '^gem_bundler_version=' /Users/davidacevedo/.rvm/config/db
++ __rvm_sed -e 's#^gem_bundler_version=##' -e '/^$/d'
++ GREP_OPTIONS=
++ grep '^gem_bundler_version=' /Users/davidacevedo/.rvm/config/db
++ sed -e 's#^gem_bundler_version=##' -e '/^$/d'
++ return 1
+ value=
+ [[ -n '' ]]
+ return 1
+ ((  0 == 0  ))
+ is_gem_installed
+ typeset gem_spec
+ gem_spec='gem '\''bundler'\'''
+ [[ -n '' ]]
+ version_check='*([[:digit:]\.])'
+ ls -ld '/Users/davidacevedo/.rvm/gems/jruby-1.7.11@global/gems/bundler-*([[:digit:]\.])'
+ /Users/davidacevedo/.rvm/rubies/jruby-1.7.11/bin/ruby -rrubygems -e 'gem '\''bundler'\'''
+ return 1
+ gem_install_force
+ typeset __available_gem
+ typeset -a install_params
+ install_params=()
++ ls -v1 '/Users/davidacevedo/.rvm/gem-cache/bundler-*([[:digit:]\.]).gem'
++ tail -n 1
+ __available_gem=
+ [[ -n '' ]]
+ [[ -n '' ]]
+ install_params+=(--no-ri --no-rdoc $rvm_gem_options)
+ __rvm_log_command gem.install.bundler 'installing gem bundler --no-ri --no-rdoc' gem install bundler --no-ri --no-rdoc
+ typeset name message _command_start _command_name
+ typeset -a _command
+ name=gem.install.bundler
+ message='installing gem bundler --no-ri --no-rdoc'
+ shift 2
+ _command=("$@")
+ _command_start=gem
+ ((  5  ))
+ [[ gem =~ = ]]
+ _command_name=gem
+ [[ ! gem =~ = ]]
+ __function_on_stack __rvm_log_command_internal
+ __rvm_string_includes '__function_on_stack __rvm_log_command gem_install_force gem_install gemset_import_list __rvm_log_dotted __rvm_log_command_internal __rvm_log_command gemset_import gemset_initial __rvm_with gemset_create __rvm_initial_gemsets_create_without_rubygems __rvm_initial_gemsets_create external_import_setup external_import main' __rvm_log_command_internal
+ typeset __search '__text=__function_on_stack __rvm_log_command gem_install_force gem_install gemset_import_list __rvm_log_dotted __rvm_log_command_internal __rvm_log_command gemset_import gemset_initial __rvm_with gemset_create __rvm_initial_gemsets_create_without_rubygems __rvm_initial_gemsets_create external_import_setup external_import main'
+ shift
+ for __search in '"$@"'
+ [[  __function_on_stack __rvm_log_command gem_install_force gem_install gemset_import_list __rvm_log_dotted __rvm_log_command_internal __rvm_log_command gemset_import gemset_initial __rvm_with gemset_create __rvm_initial_gemsets_create_without_rubygems __rvm_initial_gemsets_create external_import_setup external_import main  =~  __rvm_log_command_internal  ]]
+ return 0
+ __rvm_log_command_simple gem install bundler --no-ri --no-rdoc
+ __rvm_log_command_debug
++ __rvm_date '+%Y-%m-%d %H:%M:%S'
++ date '+%Y-%m-%d %H:%M:%S'
+ printf %b '[2014-04-11 19:48:57] gem\n'
[2014-04-11 19:48:57] gem
+ is_a_function gem
+ typeset -f gem
+ return 1
+ printf %b 'current path: /Users/davidacevedo\n'
current path: /Users/davidacevedo
+ env
+ grep -E '^GEM_HOME=|^GEM_PATH=|^PATH='
GEM_HOME=/Users/davidacevedo/.rvm/gems/jruby-1.7.11@global
PATH=/Users/davidacevedo/.rvm/gems/jruby-1.7.11@global/bin:/Users/davidacevedo/.rvm/rubies/jruby-1.7.11/bin:/Users/davidacevedo/.rvm/bin:/usr/local/bin:/usr/local/heroku/bin:/usr/local/bin:/usr/local/heroku/bin:/usr/bin:/bin:/usr/sbin:/sbin:/usr/local/bin:/opt/X11/bin
GEM_PATH=/Users/davidacevedo/.rvm/gems/jruby-1.7.11@global
+ printf %b 'command(5): gem install bundler --no-ri --no-rdoc\n'
command(5): gem install bundler --no-ri --no-rdoc
+ rvm_log 'installing gem bundler --no-ri --no-rdoc'
+ rvm_pretty_print stdout
+ case "${rvm_pretty_print_flag:=auto}" in
+ case "${TERM:-dumb}" in
+ case "$1" in
+ [[ -t 1 ]]
+ return 1
+ printf %b 'installing gem bundler --no-ri --no-rdoc\n'
installing gem bundler --no-ri --no-rdoc
+ gem install bundler --no-ri --no-rdoc
ERROR:  While executing gem ... (ArgumentError)
    marshal data too short
+ return 1
+ return 1
+ return 1
+ return 1
+ rvm_error 'there was an error installing gem bundler'
+ rvm_pretty_print stderr
+ case "${rvm_pretty_print_flag:=auto}" in
+ case "${TERM:-dumb}" in
+ case "$1" in
+ [[ -t 2 ]]
+ return 1
+ printf %b 'there was an error installing gem bundler\n'
there was an error installing gem bundler
+ for line in '"$@"'
+ gem_install rake
+ typeset gem_name gem_version version_check
+ gem_version=
+ __rvm_parse_gems_args rake
+ typeset gem=rake
+ __rvm_string_match rake '*.gem$'
+ typeset _string
+ _string=rake
+ shift
+ ((  1  ))
+ case "${_string}" in
+ shift
+ ((  0  ))
+ return 1
+ gem_name=rake
+ case "$gem" in
+ [[ -z '' ]]
+ __rvm_db gem_rake_version gem_version
+ typeset value key variable
+ key=gem_rake_version
+ key=gem_rake_version
+ variable=gem_version
+ [[ -f /Users/davidacevedo/.rvm/user/db ]]
++ __rvm_db_ /Users/davidacevedo/.rvm/user/db gem_rake_version
++ typeset __db __key __value
++ __db=/Users/davidacevedo/.rvm/user/db
++ __key=gem_rake_version
++ shift 2
++ __value=
++ case "${__value}" in
++ __rvm_db_get /Users/davidacevedo/.rvm/user/db gem_rake_version
++ [[ -f /Users/davidacevedo/.rvm/user/db ]]
++ __rvm_grep '^gem_rake_version=' /Users/davidacevedo/.rvm/user/db
++ __rvm_sed -e 's#^gem_rake_version=##' -e '/^$/d'
++ GREP_OPTIONS=
++ grep '^gem_rake_version=' /Users/davidacevedo/.rvm/user/db
++ sed -e 's#^gem_rake_version=##' -e '/^$/d'
++ return 1
+ value=
+ [[ -z '' ]]
+ [[ -f /Users/davidacevedo/.rvm/config/db ]]
++ __rvm_db_ /Users/davidacevedo/.rvm/config/db gem_rake_version
++ typeset __db __key __value
++ __db=/Users/davidacevedo/.rvm/config/db
++ __key=gem_rake_version
++ shift 2
++ __value=
++ case "${__value}" in
++ __rvm_db_get /Users/davidacevedo/.rvm/config/db gem_rake_version
++ [[ -f /Users/davidacevedo/.rvm/config/db ]]
++ __rvm_grep '^gem_rake_version=' /Users/davidacevedo/.rvm/config/db
++ __rvm_sed -e 's#^gem_rake_version=##' -e '/^$/d'
++ GREP_OPTIONS=
++ grep '^gem_rake_version=' /Users/davidacevedo/.rvm/config/db
++ sed -e 's#^gem_rake_version=##' -e '/^$/d'
++ return 1
+ value=
+ [[ -n '' ]]
+ return 1
+ ((  0 == 0  ))
+ is_gem_installed
+ typeset gem_spec
+ gem_spec='gem '\''rake'\'''
+ [[ -n '' ]]
+ version_check='*([[:digit:]\.])'
+ ls -ld /Users/davidacevedo/.rvm/gems/jruby-1.7.11@global/gems/rake-10.1.0
+ rvm_log 'gem rake  is already installed'
+ rvm_pretty_print stdout
+ case "${rvm_pretty_print_flag:=auto}" in
+ case "${TERM:-dumb}" in
+ case "$1" in
+ [[ -t 1 ]]
+ return 1
+ printf %b 'gem rake  is already installed\n'
gem rake  is already installed
+ return 0
+ for line in '"$@"'
+ gem_install rvm
+ typeset gem_name gem_version version_check
+ gem_version=
+ __rvm_parse_gems_args rvm
+ typeset gem=rvm
+ __rvm_string_match rvm '*.gem$'
+ typeset _string
+ _string=rvm
+ shift
+ ((  1  ))
+ case "${_string}" in
+ shift
+ ((  0  ))
+ return 1
+ gem_name=rvm
+ case "$gem" in
+ [[ -z '' ]]
+ __rvm_db gem_rvm_version gem_version
+ typeset value key variable
+ key=gem_rvm_version
+ key=gem_rvm_version
+ variable=gem_version
+ [[ -f /Users/davidacevedo/.rvm/user/db ]]
++ __rvm_db_ /Users/davidacevedo/.rvm/user/db gem_rvm_version
++ typeset __db __key __value
++ __db=/Users/davidacevedo/.rvm/user/db
++ __key=gem_rvm_version
++ shift 2
++ __value=
++ case "${__value}" in
++ __rvm_db_get /Users/davidacevedo/.rvm/user/db gem_rvm_version
++ [[ -f /Users/davidacevedo/.rvm/user/db ]]
++ __rvm_grep '^gem_rvm_version=' /Users/davidacevedo/.rvm/user/db
++ __rvm_sed -e 's#^gem_rvm_version=##' -e '/^$/d'
++ GREP_OPTIONS=
++ grep '^gem_rvm_version=' /Users/davidacevedo/.rvm/user/db
++ sed -e 's#^gem_rvm_version=##' -e '/^$/d'
++ return 1
+ value=
+ [[ -z '' ]]
+ [[ -f /Users/davidacevedo/.rvm/config/db ]]
++ __rvm_db_ /Users/davidacevedo/.rvm/config/db gem_rvm_version
++ typeset __db __key __value
++ __db=/Users/davidacevedo/.rvm/config/db
++ __key=gem_rvm_version
++ shift 2
++ __value=
++ case "${__value}" in
++ __rvm_db_get /Users/davidacevedo/.rvm/config/db gem_rvm_version
++ [[ -f /Users/davidacevedo/.rvm/config/db ]]
++ __rvm_grep '^gem_rvm_version=' /Users/davidacevedo/.rvm/config/db
++ __rvm_sed -e 's#^gem_rvm_version=##' -e '/^$/d'
++ GREP_OPTIONS=
++ grep '^gem_rvm_version=' /Users/davidacevedo/.rvm/config/db
++ sed -e 's#^gem_rvm_version=##' -e '/^$/d'
++ return 1
+ value=
+ [[ -n '' ]]
+ return 1
+ ((  0 == 0  ))
+ is_gem_installed
+ typeset gem_spec
+ gem_spec='gem '\''rvm'\'''
+ [[ -n '' ]]
+ version_check='*([[:digit:]\.])'
+ ls -ld '/Users/davidacevedo/.rvm/gems/jruby-1.7.11@global/gems/rvm-*([[:digit:]\.])'
+ /Users/davidacevedo/.rvm/rubies/jruby-1.7.11/bin/ruby -rrubygems -e 'gem '\''rvm'\'''
+ return 1
+ gem_install_force
+ typeset __available_gem
+ typeset -a install_params
+ install_params=()
++ tail -n 1
++ ls -v1 /Users/davidacevedo/.rvm/gem-cache/rvm-1.11.3.9.gem
+ __available_gem=/Users/davidacevedo/.rvm/gem-cache/rvm-1.11.3.9.gem
+ [[ -n /Users/davidacevedo/.rvm/gem-cache/rvm-1.11.3.9.gem ]]
+ install_params+=(--local)
+ install_params+=(--no-ri --no-rdoc $rvm_gem_options)
+ __rvm_log_command gem.install.rvm 'installing gem /Users/davidacevedo/.rvm/gem-cache/rvm-1.11.3.9.gem --local --no-ri --no-rdoc' gem install /Users/davidacevedo/.rvm/gem-cache/rvm-1.11.3.9.gem --local --no-ri --no-rdoc
+ typeset name message _command_start _command_name
+ typeset -a _command
+ name=gem.install.rvm
+ message='installing gem /Users/davidacevedo/.rvm/gem-cache/rvm-1.11.3.9.gem --local --no-ri --no-rdoc'
+ shift 2
+ _command=("$@")
+ _command_start=gem
+ ((  6  ))
+ [[ gem =~ = ]]
+ _command_name=gem
+ [[ ! gem =~ = ]]
+ __function_on_stack __rvm_log_command_internal
+ __rvm_string_includes '__function_on_stack __rvm_log_command gem_install_force gem_install gemset_import_list __rvm_log_dotted __rvm_log_command_internal __rvm_log_command gemset_import gemset_initial __rvm_with gemset_create __rvm_initial_gemsets_create_without_rubygems __rvm_initial_gemsets_create external_import_setup external_import main' __rvm_log_command_internal
+ typeset __search '__text=__function_on_stack __rvm_log_command gem_install_force gem_install gemset_import_list __rvm_log_dotted __rvm_log_command_internal __rvm_log_command gemset_import gemset_initial __rvm_with gemset_create __rvm_initial_gemsets_create_without_rubygems __rvm_initial_gemsets_create external_import_setup external_import main'
+ shift
+ for __search in '"$@"'
+ [[  __function_on_stack __rvm_log_command gem_install_force gem_install gemset_import_list __rvm_log_dotted __rvm_log_command_internal __rvm_log_command gemset_import gemset_initial __rvm_with gemset_create __rvm_initial_gemsets_create_without_rubygems __rvm_initial_gemsets_create external_import_setup external_import main  =~  __rvm_log_command_internal  ]]
+ return 0
+ __rvm_log_command_simple gem install /Users/davidacevedo/.rvm/gem-cache/rvm-1.11.3.9.gem --local --no-ri --no-rdoc
+ __rvm_log_command_debug
++ __rvm_date '+%Y-%m-%d %H:%M:%S'
++ date '+%Y-%m-%d %H:%M:%S'
+ printf %b '[2014-04-11 19:49:22] gem\n'
[2014-04-11 19:49:22] gem
+ is_a_function gem
+ typeset -f gem
+ return 1
+ printf %b 'current path: /Users/davidacevedo\n'
current path: /Users/davidacevedo
+ env
+ grep -E '^GEM_HOME=|^GEM_PATH=|^PATH='
GEM_HOME=/Users/davidacevedo/.rvm/gems/jruby-1.7.11@global
PATH=/Users/davidacevedo/.rvm/gems/jruby-1.7.11@global/bin:/Users/davidacevedo/.rvm/rubies/jruby-1.7.11/bin:/Users/davidacevedo/.rvm/bin:/usr/local/bin:/usr/local/heroku/bin:/usr/local/bin:/usr/local/heroku/bin:/usr/bin:/bin:/usr/sbin:/sbin:/usr/local/bin:/opt/X11/bin
GEM_PATH=/Users/davidacevedo/.rvm/gems/jruby-1.7.11@global
+ printf %b 'command(6): gem install /Users/davidacevedo/.rvm/gem-cache/rvm-1.11.3.9.gem --local --no-ri --no-rdoc\n'
command(6): gem install /Users/davidacevedo/.rvm/gem-cache/rvm-1.11.3.9.gem --local --no-ri --no-rdoc
+ rvm_log 'installing gem /Users/davidacevedo/.rvm/gem-cache/rvm-1.11.3.9.gem --local --no-ri --no-rdoc'
+ rvm_pretty_print stdout
+ case "${rvm_pretty_print_flag:=auto}" in
+ case "${TERM:-dumb}" in
+ case "$1" in
+ [[ -t 1 ]]
+ return 1
+ printf %b 'installing gem /Users/davidacevedo/.rvm/gem-cache/rvm-1.11.3.9.gem --local --no-ri --no-rdoc\n'
installing gem /Users/davidacevedo/.rvm/gem-cache/rvm-1.11.3.9.gem --local --no-ri --no-rdoc
+ gem install /Users/davidacevedo/.rvm/gem-cache/rvm-1.11.3.9.gem --local --no-ri --no-rdoc
Successfully installed rvm-1.11.3.9
1 gem installed
+ true
